
2026-02-23 08:42:36.877 [main] INFO  initialize org.springframework.boot.web.embedded.tomcat.TomcatWebServer - Tomcat initialized with port 8080 (http)
2026-02-23 08:42:36.943 [main] INFO  prepareWebApplicationContext org.springframework.boot.web.servlet.context.ServletWebServerApplicationContext - Root WebApplicationContext: initialization completed in 940 ms
2026-02-23 08:42:37.132 [main] INFO  afterPropertiesSet org.springframework.validation.beanvalidation.OptionalValidatorFactoryBean - Failed to set up a Bean Validation provider: jakarta.validation.NoProviderFoundException: Unable to create a Configuration, because no Jakarta Bean Validation provider could be found. Add a provider like Hibernate Validator (RI) to your classpath.
2026-02-23 08:42:37.413 [main] INFO  start org.springframework.boot.web.embedded.tomcat.TomcatWebServer - Tomcat started on port 8080 (http) with context path '/'
2026-02-23 08:42:56.376 [http-nio-8080-exec-1] INFO  initServletBean org.springframework.web.servlet.FrameworkServlet - Initializing Servlet 'dispatcherServlet'
2026-02-23 08:42:56.376 [http-nio-8080-exec-1] INFO  initServletBean org.springframework.web.servlet.FrameworkServlet - Completed initialization in 0 ms
2026-02-24 11:15:38.825 [main] INFO  initialize org.springframework.boot.web.embedded.tomcat.TomcatWebServer - Tomcat initialized with port 8080 (http)
2026-02-24 11:15:38.918 [main] INFO  prepareWebApplicationContext org.springframework.boot.web.servlet.context.ServletWebServerApplicationContext - Root WebApplicationContext: initialization completed in 1374 ms
2026-02-24 11:15:39.155 [main] INFO  afterPropertiesSet org.springframework.validation.beanvalidation.OptionalValidatorFactoryBean - Failed to set up a Bean Validation provider: jakarta.validation.NoProviderFoundException: Unable to create a Configuration, because no Jakarta Bean Validation provider could be found. Add a provider like Hibernate Validator (RI) to your classpath.
2026-02-24 11:15:39.609 [main] INFO  start org.springframework.boot.web.embedded.tomcat.TomcatWebServer - Tomcat started on port 8080 (http) with context path '/'
2026-02-24 14:30:00.319 [main] INFO  initialize org.springframework.boot.web.embedded.tomcat.TomcatWebServer - Tomcat initialized with port 8080 (http)
2026-02-24 14:30:00.374 [main] INFO  prepareWebApplicationContext org.springframework.boot.web.servlet.context.ServletWebServerApplicationContext - Root WebApplicationContext: initialization completed in 646 ms
2026-02-24 14:30:00.513 [main] INFO  afterPropertiesSet org.springframework.validation.beanvalidation.OptionalValidatorFactoryBean - Failed to set up a Bean Validation provider: jakarta.validation.NoProviderFoundException: Unable to create a Configuration, because no Jakarta Bean Validation provider could be found. Add a provider like Hibernate Validator (RI) to your classpath.
2026-02-24 14:30:00.721 [main] INFO  start org.springframework.boot.web.embedded.tomcat.TomcatWebServer - Tomcat started on port 8080 (http) with context path '/'
2026-02-24 14:31:24.893 [http-nio-8080-exec-1] INFO  initServletBean org.springframework.web.servlet.FrameworkServlet - Initializing Servlet 'dispatcherServlet'
2026-02-24 14:31:24.895 [http-nio-8080-exec-1] INFO  initServletBean org.springframework.web.servlet.FrameworkServlet - Completed initialization in 2 ms
2026-02-25 11:08:10.214 [main] INFO  initialize org.springframework.boot.web.embedded.tomcat.TomcatWebServer - Tomcat initialized with port 8080 (http)
2026-02-25 11:08:10.471 [main] INFO  prepareWebApplicationContext org.springframework.boot.web.servlet.context.ServletWebServerApplicationContext - Root WebApplicationContext: initialization completed in 2132 ms
2026-02-25 11:08:11.163 [main] INFO  afterPropertiesSet org.springframework.validation.beanvalidation.OptionalValidatorFactoryBean - Failed to set up a Bean Validation provider: jakarta.validation.NoProviderFoundException: Unable to create a Configuration, because no Jakarta Bean Validation provider could be found. Add a provider like Hibernate Validator (RI) to your classpath.
2026-02-25 11:08:12.188 [main] INFO  start org.springframework.boot.web.embedded.tomcat.TomcatWebServer - Tomcat started on port 8080 (http) with context path '/'
2026-02-25 11:49:14.048 [http-nio-8080-exec-1] INFO  initServletBean org.springframework.web.servlet.FrameworkServlet - Initializing Servlet 'dispatcherServlet'
2026-02-25 11:49:14.096 [http-nio-8080-exec-1] INFO  initServletBean org.springframework.web.servlet.FrameworkServlet - Completed initialization in 47 ms
2026-03-09 12:30:12.773 [main] INFO  initialize org.springframework.boot.web.embedded.tomcat.TomcatWebServer - Tomcat initialized with port 8080 (http)
2026-03-09 12:30:12.902 [main] INFO  prepareWebApplicationContext org.springframework.boot.web.servlet.context.ServletWebServerApplicationContext - Root WebApplicationContext: initialization completed in 1368 ms
2026-03-09 12:30:13.265 [main] INFO  afterPropertiesSet org.springframework.validation.beanvalidation.OptionalValidatorFactoryBean - Failed to set up a Bean Validation provider: jakarta.validation.NoProviderFoundException: Unable to create a Configuration, because no Jakarta Bean Validation provider could be found. Add a provider like Hibernate Validator (RI) to your classpath.
2026-03-09 12:30:13.763 [main] WARN  refresh org.springframework.context.support.AbstractApplicationContext - Exception encountered during context initialization - cancelling refresh attempt: org.springframework.context.ApplicationContextException: Failed to start bean 'webServerStartStop'
2026-03-09 12:30:13.791 [main] INFO  logMessage org.springframework.boot.autoconfigure.logging.ConditionEvaluationReportLogger - 

Error starting ApplicationContext. To display the condition evaluation report re-run your application with 'debug' enabled.
2026-03-09 12:30:13.820 [main] ERROR report org.springframework.boot.diagnostics.LoggingFailureAnalysisReporter - 

***************************
APPLICATION FAILED TO START
***************************

Description:

Web server failed to start. Port 8080 was already in use.

Action:

Identify and stop the process that's listening on port 8080 or configure this application to listen on another port.

2026-03-09 13:40:54.825 [main] INFO  initialize org.springframework.boot.web.embedded.tomcat.TomcatWebServer - Tomcat initialized with port 8080 (http)
2026-03-09 13:40:54.958 [main] INFO  prepareWebApplicationContext org.springframework.boot.web.servlet.context.ServletWebServerApplicationContext - Root WebApplicationContext: initialization completed in 1626 ms
2026-03-09 13:40:55.329 [main] INFO  afterPropertiesSet org.springframework.validation.beanvalidation.OptionalValidatorFactoryBean - Failed to set up a Bean Validation provider: jakarta.validation.NoProviderFoundException: Unable to create a Configuration, because no Jakarta Bean Validation provider could be found. Add a provider like Hibernate Validator (RI) to your classpath.
2026-03-09 13:40:55.859 [main] WARN  refresh org.springframework.context.support.AbstractApplicationContext - Exception encountered during context initialization - cancelling refresh attempt: org.springframework.context.ApplicationContextException: Failed to start bean 'webServerStartStop'
2026-03-09 13:40:55.891 [main] INFO  logMessage org.springframework.boot.autoconfigure.logging.ConditionEvaluationReportLogger - 

Error starting ApplicationContext. To display the condition evaluation report re-run your application with 'debug' enabled.
2026-03-09 13:40:55.921 [main] ERROR report org.springframework.boot.diagnostics.LoggingFailureAnalysisReporter - 

***************************
APPLICATION FAILED TO START
***************************

Description:

Web server failed to start. Port 8080 was already in use.

Action:

Identify and stop the process that's listening on port 8080 or configure this application to listen on another port.

2026-03-09 13:41:36.886 [main] INFO  initialize org.springframework.boot.web.embedded.tomcat.TomcatWebServer - Tomcat initialized with port 8080 (http)
2026-03-09 13:41:37.045 [main] INFO  prepareWebApplicationContext org.springframework.boot.web.servlet.context.ServletWebServerApplicationContext - Root WebApplicationContext: initialization completed in 1433 ms
2026-03-09 13:41:37.448 [main] INFO  afterPropertiesSet org.springframework.validation.beanvalidation.OptionalValidatorFactoryBean - Failed to set up a Bean Validation provider: jakarta.validation.NoProviderFoundException: Unable to create a Configuration, because no Jakarta Bean Validation provider could be found. Add a provider like Hibernate Validator (RI) to your classpath.
2026-03-09 13:41:37.988 [main] WARN  refresh org.springframework.context.support.AbstractApplicationContext - Exception encountered during context initialization - cancelling refresh attempt: org.springframework.context.ApplicationContextException: Failed to start bean 'webServerStartStop'
2026-03-09 13:41:38.020 [main] INFO  logMessage org.springframework.boot.autoconfigure.logging.ConditionEvaluationReportLogger - 

Error starting ApplicationContext. To display the condition evaluation report re-run your application with 'debug' enabled.
2026-03-09 13:41:38.049 [main] ERROR report org.springframework.boot.diagnostics.LoggingFailureAnalysisReporter - 

***************************
APPLICATION FAILED TO START
***************************

Description:

Web server failed to start. Port 8080 was already in use.

Action:

Identify and stop the process that's listening on port 8080 or configure this application to listen on another port.

2026-03-09 13:43:48.983 [main] INFO  initialize org.springframework.boot.web.embedded.tomcat.TomcatWebServer - Tomcat initialized with port 8080 (http)
2026-03-09 13:43:49.093 [main] INFO  prepareWebApplicationContext org.springframework.boot.web.servlet.context.ServletWebServerApplicationContext - Root WebApplicationContext: initialization completed in 1313 ms
2026-03-09 13:43:49.499 [main] INFO  afterPropertiesSet org.springframework.validation.beanvalidation.OptionalValidatorFactoryBean - Failed to set up a Bean Validation provider: jakarta.validation.NoProviderFoundException: Unable to create a Configuration, because no Jakarta Bean Validation provider could be found. Add a provider like Hibernate Validator (RI) to your classpath.
2026-03-09 13:43:50.054 [main] WARN  refresh org.springframework.context.support.AbstractApplicationContext - Exception encountered during context initialization - cancelling refresh attempt: org.springframework.context.ApplicationContextException: Failed to start bean 'webServerStartStop'
2026-03-09 13:43:50.086 [main] INFO  logMessage org.springframework.boot.autoconfigure.logging.ConditionEvaluationReportLogger - 

Error starting ApplicationContext. To display the condition evaluation report re-run your application with 'debug' enabled.
2026-03-09 13:43:50.119 [main] ERROR report org.springframework.boot.diagnostics.LoggingFailureAnalysisReporter - 

***************************
APPLICATION FAILED TO START
***************************

Description:

Web server failed to start. Port 8080 was already in use.

Action:

Identify and stop the process that's listening on port 8080 or configure this application to listen on another port.

2026-03-09 13:47:49.963 [main] INFO  initialize org.springframework.boot.web.embedded.tomcat.TomcatWebServer - Tomcat initialized with port 8080 (http)
2026-03-09 13:47:49.982 [main] INFO  log org.apache.juli.logging.DirectJDKLog - Initializing ProtocolHandler ["http-nio-8080"]
2026-03-09 13:47:49.986 [main] INFO  log org.apache.juli.logging.DirectJDKLog - Starting service [Tomcat]
2026-03-09 13:47:49.987 [main] INFO  log org.apache.juli.logging.DirectJDKLog - Starting Servlet engine: [Apache Tomcat/10.1.40]
2026-03-09 13:47:50.064 [main] INFO  log org.apache.juli.logging.DirectJDKLog - Initializing Spring embedded WebApplicationContext
2026-03-09 13:47:50.066 [main] INFO  prepareWebApplicationContext org.springframework.boot.web.servlet.context.ServletWebServerApplicationContext - Root WebApplicationContext: initialization completed in 1275 ms
2026-03-09 13:47:50.402 [main] INFO  afterPropertiesSet org.springframework.validation.beanvalidation.OptionalValidatorFactoryBean - Failed to set up a Bean Validation provider: jakarta.validation.NoProviderFoundException: Unable to create a Configuration, because no Jakarta Bean Validation provider could be found. Add a provider like Hibernate Validator (RI) to your classpath.
2026-03-09 13:47:50.845 [main] INFO  log org.apache.juli.logging.DirectJDKLog - Starting ProtocolHandler ["http-nio-8080"]
2026-03-09 13:47:50.859 [main] WARN  refresh org.springframework.context.support.AbstractApplicationContext - Exception encountered during context initialization - cancelling refresh attempt: org.springframework.context.ApplicationContextException: Failed to start bean 'webServerStartStop'
2026-03-09 13:47:50.889 [main] INFO  logMessage org.springframework.boot.autoconfigure.logging.ConditionEvaluationReportLogger - 

Error starting ApplicationContext. To display the condition evaluation report re-run your application with 'debug' enabled.
2026-03-09 13:47:50.918 [main] ERROR report org.springframework.boot.diagnostics.LoggingFailureAnalysisReporter - 

***************************
APPLICATION FAILED TO START
***************************

Description:

Web server failed to start. Port 8080 was already in use.

Action:

Identify and stop the process that's listening on port 8080 or configure this application to listen on another port.

2026-03-09 13:48:42.661 [main] INFO  initialize org.springframework.boot.web.embedded.tomcat.TomcatWebServer - Tomcat initialized with port 8080 (http)
2026-03-09 13:48:42.683 [main] INFO  log org.apache.juli.logging.DirectJDKLog - Initializing ProtocolHandler ["http-nio-8080"]
2026-03-09 13:48:42.687 [main] INFO  log org.apache.juli.logging.DirectJDKLog - Starting service [Tomcat]
2026-03-09 13:48:42.688 [main] INFO  log org.apache.juli.logging.DirectJDKLog - Starting Servlet engine: [Apache Tomcat/10.1.40]
2026-03-09 13:48:42.784 [main] INFO  log org.apache.juli.logging.DirectJDKLog - Initializing Spring embedded WebApplicationContext
2026-03-09 13:48:42.787 [main] INFO  prepareWebApplicationContext org.springframework.boot.web.servlet.context.ServletWebServerApplicationContext - Root WebApplicationContext: initialization completed in 1386 ms
2026-03-09 13:48:43.142 [main] INFO  afterPropertiesSet org.springframework.validation.beanvalidation.OptionalValidatorFactoryBean - Failed to set up a Bean Validation provider: jakarta.validation.NoProviderFoundException: Unable to create a Configuration, because no Jakarta Bean Validation provider could be found. Add a provider like Hibernate Validator (RI) to your classpath.
2026-03-09 13:48:43.613 [main] INFO  log org.apache.juli.logging.DirectJDKLog - Starting ProtocolHandler ["http-nio-8080"]
2026-03-09 13:48:43.627 [main] WARN  refresh org.springframework.context.support.AbstractApplicationContext - Exception encountered during context initialization - cancelling refresh attempt: org.springframework.context.ApplicationContextException: Failed to start bean 'webServerStartStop'
2026-03-09 13:48:43.661 [main] INFO  logMessage org.springframework.boot.autoconfigure.logging.ConditionEvaluationReportLogger - 

Error starting ApplicationContext. To display the condition evaluation report re-run your application with 'debug' enabled.
2026-03-09 13:48:43.689 [main] ERROR report org.springframework.boot.diagnostics.LoggingFailureAnalysisReporter - 

***************************
APPLICATION FAILED TO START
***************************

Description:

Web server failed to start. Port 8080 was already in use.

Action:

Identify and stop the process that's listening on port 8080 or configure this application to listen on another port.

2026-03-09 13:49:55.987 [main] INFO  initialize org.springframework.boot.web.embedded.tomcat.TomcatWebServer - Tomcat initialized with port 8080 (http)
2026-03-09 13:49:56.010 [main] INFO  log org.apache.juli.logging.DirectJDKLog - Initializing ProtocolHandler ["http-nio-8080"]
2026-03-09 13:49:56.012 [main] INFO  log org.apache.juli.logging.DirectJDKLog - Starting service [Tomcat]
2026-03-09 13:49:56.013 [main] INFO  log org.apache.juli.logging.DirectJDKLog - Starting Servlet engine: [Apache Tomcat/10.1.40]
2026-03-09 13:49:56.096 [main] INFO  log org.apache.juli.logging.DirectJDKLog - Initializing Spring embedded WebApplicationContext
2026-03-09 13:49:56.099 [main] INFO  prepareWebApplicationContext org.springframework.boot.web.servlet.context.ServletWebServerApplicationContext - Root WebApplicationContext: initialization completed in 1305 ms
2026-03-09 13:49:56.417 [main] INFO  afterPropertiesSet org.springframework.validation.beanvalidation.OptionalValidatorFactoryBean - Failed to set up a Bean Validation provider: jakarta.validation.NoProviderFoundException: Unable to create a Configuration, because no Jakarta Bean Validation provider could be found. Add a provider like Hibernate Validator (RI) to your classpath.
2026-03-09 13:49:56.873 [main] INFO  log org.apache.juli.logging.DirectJDKLog - Starting ProtocolHandler ["http-nio-8080"]
2026-03-09 13:49:56.885 [main] WARN  refresh org.springframework.context.support.AbstractApplicationContext - Exception encountered during context initialization - cancelling refresh attempt: org.springframework.context.ApplicationContextException: Failed to start bean 'webServerStartStop'
2026-03-09 13:49:56.920 [main] INFO  logMessage org.springframework.boot.autoconfigure.logging.ConditionEvaluationReportLogger - 

Error starting ApplicationContext. To display the condition evaluation report re-run your application with 'debug' enabled.
2026-03-09 13:49:56.950 [main] ERROR report org.springframework.boot.diagnostics.LoggingFailureAnalysisReporter - 

***************************
APPLICATION FAILED TO START
***************************

Description:

Web server failed to start. Port 8080 was already in use.

Action:

Identify and stop the process that's listening on port 8080 or configure this application to listen on another port.

2026-03-09 22:15:23.406 [main] INFO  initialize org.springframework.boot.web.embedded.tomcat.TomcatWebServer - Tomcat initialized with port 8080 (http)
2026-03-09 22:15:23.430 [main] INFO  log org.apache.juli.logging.DirectJDKLog - Initializing ProtocolHandler ["http-nio-8080"]
2026-03-09 22:15:23.434 [main] INFO  log org.apache.juli.logging.DirectJDKLog - Starting service [Tomcat]
2026-03-09 22:15:23.436 [main] INFO  log org.apache.juli.logging.DirectJDKLog - Starting Servlet engine: [Apache Tomcat/10.1.40]
2026-03-09 22:15:23.524 [main] INFO  log org.apache.juli.logging.DirectJDKLog - Initializing Spring embedded WebApplicationContext
2026-03-09 22:15:23.525 [main] INFO  prepareWebApplicationContext org.springframework.boot.web.servlet.context.ServletWebServerApplicationContext - Root WebApplicationContext: initialization completed in 1619 ms
2026-03-09 22:15:23.861 [main] INFO  afterPropertiesSet org.springframework.validation.beanvalidation.OptionalValidatorFactoryBean - Failed to set up a Bean Validation provider: jakarta.validation.NoProviderFoundException: Unable to create a Configuration, because no Jakarta Bean Validation provider could be found. Add a provider like Hibernate Validator (RI) to your classpath.
2026-03-09 22:15:24.385 [main] INFO  log org.apache.juli.logging.DirectJDKLog - Starting ProtocolHandler ["http-nio-8080"]
2026-03-09 22:15:24.397 [main] WARN  refresh org.springframework.context.support.AbstractApplicationContext - Exception encountered during context initialization - cancelling refresh attempt: org.springframework.context.ApplicationContextException: Failed to start bean 'webServerStartStop'
2026-03-09 22:15:24.437 [main] INFO  logMessage org.springframework.boot.autoconfigure.logging.ConditionEvaluationReportLogger - 

Error starting ApplicationContext. To display the condition evaluation report re-run your application with 'debug' enabled.
2026-03-09 22:15:24.464 [main] ERROR report org.springframework.boot.diagnostics.LoggingFailureAnalysisReporter - 

***************************
APPLICATION FAILED TO START
***************************

Description:

Web server failed to start. Port 8080 was already in use.

Action:

Identify and stop the process that's listening on port 8080 or configure this application to listen on another port.

2026-03-09 22:16:37.585 [main] INFO  initialize org.springframework.boot.web.embedded.tomcat.TomcatWebServer - Tomcat initialized with port 8080 (http)
2026-03-09 22:16:37.606 [main] INFO  log org.apache.juli.logging.DirectJDKLog - Initializing ProtocolHandler ["http-nio-8080"]
2026-03-09 22:16:37.609 [main] INFO  log org.apache.juli.logging.DirectJDKLog - Starting service [Tomcat]
2026-03-09 22:16:37.611 [main] INFO  log org.apache.juli.logging.DirectJDKLog - Starting Servlet engine: [Apache Tomcat/10.1.40]
2026-03-09 22:16:37.701 [main] INFO  log org.apache.juli.logging.DirectJDKLog - Initializing Spring embedded WebApplicationContext
2026-03-09 22:16:37.713 [main] INFO  prepareWebApplicationContext org.springframework.boot.web.servlet.context.ServletWebServerApplicationContext - Root WebApplicationContext: initialization completed in 1506 ms
2026-03-09 22:16:38.025 [main] INFO  afterPropertiesSet org.springframework.validation.beanvalidation.OptionalValidatorFactoryBean - Failed to set up a Bean Validation provider: jakarta.validation.NoProviderFoundException: Unable to create a Configuration, because no Jakarta Bean Validation provider could be found. Add a provider like Hibernate Validator (RI) to your classpath.
2026-03-09 22:16:38.528 [main] INFO  log org.apache.juli.logging.DirectJDKLog - Starting ProtocolHandler ["http-nio-8080"]
2026-03-09 22:16:38.541 [main] WARN  refresh org.springframework.context.support.AbstractApplicationContext - Exception encountered during context initialization - cancelling refresh attempt: org.springframework.context.ApplicationContextException: Failed to start bean 'webServerStartStop'
2026-03-09 22:16:38.564 [main] INFO  logMessage org.springframework.boot.autoconfigure.logging.ConditionEvaluationReportLogger - 

Error starting ApplicationContext. To display the condition evaluation report re-run your application with 'debug' enabled.
2026-03-09 22:16:38.593 [main] ERROR report org.springframework.boot.diagnostics.LoggingFailureAnalysisReporter - 

***************************
APPLICATION FAILED TO START
***************************

Description:

Web server failed to start. Port 8080 was already in use.

Action:

Identify and stop the process that's listening on port 8080 or configure this application to listen on another port.

2026-03-09 22:18:55.779 [main] INFO  initialize org.springframework.boot.web.embedded.tomcat.TomcatWebServer - Tomcat initialized with port 8080 (http)
2026-03-09 22:18:55.802 [main] INFO  log org.apache.juli.logging.DirectJDKLog - Initializing ProtocolHandler ["http-nio-8080"]
2026-03-09 22:18:55.806 [main] INFO  log org.apache.juli.logging.DirectJDKLog - Starting service [Tomcat]
2026-03-09 22:18:55.806 [main] INFO  log org.apache.juli.logging.DirectJDKLog - Starting Servlet engine: [Apache Tomcat/10.1.40]
2026-03-09 22:18:55.898 [main] INFO  log org.apache.juli.logging.DirectJDKLog - Initializing Spring embedded WebApplicationContext
2026-03-09 22:18:55.900 [main] INFO  prepareWebApplicationContext org.springframework.boot.web.servlet.context.ServletWebServerApplicationContext - Root WebApplicationContext: initialization completed in 1536 ms
2026-03-09 22:18:56.236 [main] INFO  afterPropertiesSet org.springframework.validation.beanvalidation.OptionalValidatorFactoryBean - Failed to set up a Bean Validation provider: jakarta.validation.NoProviderFoundException: Unable to create a Configuration, because no Jakarta Bean Validation provider could be found. Add a provider like Hibernate Validator (RI) to your classpath.
2026-03-09 22:18:56.692 [main] INFO  log org.apache.juli.logging.DirectJDKLog - Starting ProtocolHandler ["http-nio-8080"]
2026-03-09 22:18:56.705 [main] WARN  refresh org.springframework.context.support.AbstractApplicationContext - Exception encountered during context initialization - cancelling refresh attempt: org.springframework.context.ApplicationContextException: Failed to start bean 'webServerStartStop'
2026-03-09 22:18:56.731 [main] INFO  logMessage org.springframework.boot.autoconfigure.logging.ConditionEvaluationReportLogger - 

Error starting ApplicationContext. To display the condition evaluation report re-run your application with 'debug' enabled.
2026-03-09 22:18:56.756 [main] ERROR report org.springframework.boot.diagnostics.LoggingFailureAnalysisReporter - 

***************************
APPLICATION FAILED TO START
***************************

Description:

Web server failed to start. Port 8080 was already in use.

Action:

Identify and stop the process that's listening on port 8080 or configure this application to listen on another port.

2026-03-10 11:35:47.748 [Test worker] INFO  detectDefaultConfigurationClasses org.springframework.test.context.support.AnnotationConfigContextLoaderUtils - Could not detect default configuration classes for test class [com.infinira.ems.TestDepartment]: TestDepartment does not declare any static, non-private, non-final, nested classes annotated with @Configuration.
2026-03-10 11:35:47.939 [Test worker] INFO  getOrFindConfigurationClasses org.springframework.boot.test.context.SpringBootTestContextBootstrapper - Found @SpringBootConfiguration com.infinira.ems.EmsApplication for test class com.infinira.ems.TestDepartment
2026-03-10 11:35:50.476 [Test worker] INFO  afterPropertiesSet org.springframework.validation.beanvalidation.OptionalValidatorFactoryBean - Failed to set up a Bean Validation provider: jakarta.validation.NoProviderFoundException: Unable to create a Configuration, because no Jakarta Bean Validation provider could be found. Add a provider like Hibernate Validator (RI) to your classpath.
2026-03-10 11:35:51.063 [Test worker] INFO  log org.springframework.mock.web.MockServletContext - Initializing Spring TestDispatcherServlet ''
2026-03-10 11:35:51.063 [Test worker] INFO  initServletBean org.springframework.web.servlet.FrameworkServlet - Initializing Servlet ''
2026-03-10 11:35:51.067 [Test worker] INFO  initServletBean org.springframework.web.servlet.FrameworkServlet - Completed initialization in 2 ms
2026-03-10 11:38:18.008 [main] INFO  initialize org.springframework.boot.web.embedded.tomcat.TomcatWebServer - Tomcat initialized with port 8080 (http)
2026-03-10 11:38:18.030 [main] INFO  log org.apache.juli.logging.DirectJDKLog - Initializing ProtocolHandler ["http-nio-8080"]
2026-03-10 11:38:18.033 [main] INFO  log org.apache.juli.logging.DirectJDKLog - Starting service [Tomcat]
2026-03-10 11:38:18.034 [main] INFO  log org.apache.juli.logging.DirectJDKLog - Starting Servlet engine: [Apache Tomcat/10.1.40]
2026-03-10 11:38:18.108 [main] INFO  log org.apache.juli.logging.DirectJDKLog - Initializing Spring embedded WebApplicationContext
2026-03-10 11:38:18.111 [main] INFO  prepareWebApplicationContext org.springframework.boot.web.servlet.context.ServletWebServerApplicationContext - Root WebApplicationContext: initialization completed in 1296 ms
2026-03-10 11:38:18.397 [main] INFO  afterPropertiesSet org.springframework.validation.beanvalidation.OptionalValidatorFactoryBean - Failed to set up a Bean Validation provider: jakarta.validation.NoProviderFoundException: Unable to create a Configuration, because no Jakarta Bean Validation provider could be found. Add a provider like Hibernate Validator (RI) to your classpath.
2026-03-10 11:38:18.775 [main] INFO  log org.apache.juli.logging.DirectJDKLog - Starting ProtocolHandler ["http-nio-8080"]
2026-03-10 11:38:18.786 [main] WARN  refresh org.springframework.context.support.AbstractApplicationContext - Exception encountered during context initialization - cancelling refresh attempt: org.springframework.context.ApplicationContextException: Failed to start bean 'webServerStartStop'
2026-03-10 11:38:18.807 [main] INFO  logMessage org.springframework.boot.autoconfigure.logging.ConditionEvaluationReportLogger - 

Error starting ApplicationContext. To display the condition evaluation report re-run your application with 'debug' enabled.
2026-03-10 11:38:18.831 [main] ERROR report org.springframework.boot.diagnostics.LoggingFailureAnalysisReporter - 

***************************
APPLICATION FAILED TO START
***************************

Description:

Web server failed to start. Port 8080 was already in use.

Action:

Identify and stop the process that's listening on port 8080 or configure this application to listen on another port.

2026-03-10 11:39:52.594 [main] INFO  initialize org.springframework.boot.web.embedded.tomcat.TomcatWebServer - Tomcat initialized with port 8080 (http)
2026-03-10 11:39:52.615 [main] INFO  log org.apache.juli.logging.DirectJDKLog - Initializing ProtocolHandler ["http-nio-8080"]
2026-03-10 11:39:52.619 [main] INFO  log org.apache.juli.logging.DirectJDKLog - Starting service [Tomcat]
2026-03-10 11:39:52.619 [main] INFO  log org.apache.juli.logging.DirectJDKLog - Starting Servlet engine: [Apache Tomcat/10.1.40]
2026-03-10 11:39:52.705 [main] INFO  log org.apache.juli.logging.DirectJDKLog - Initializing Spring embedded WebApplicationContext
2026-03-10 11:39:52.707 [main] INFO  prepareWebApplicationContext org.springframework.boot.web.servlet.context.ServletWebServerApplicationContext - Root WebApplicationContext: initialization completed in 1345 ms
2026-03-10 11:39:53.014 [main] INFO  afterPropertiesSet org.springframework.validation.beanvalidation.OptionalValidatorFactoryBean - Failed to set up a Bean Validation provider: jakarta.validation.NoProviderFoundException: Unable to create a Configuration, because no Jakarta Bean Validation provider could be found. Add a provider like Hibernate Validator (RI) to your classpath.
2026-03-10 11:39:53.426 [main] INFO  log org.apache.juli.logging.DirectJDKLog - Starting ProtocolHandler ["http-nio-8080"]
2026-03-10 11:39:53.437 [main] WARN  refresh org.springframework.context.support.AbstractApplicationContext - Exception encountered during context initialization - cancelling refresh attempt: org.springframework.context.ApplicationContextException: Failed to start bean 'webServerStartStop'
2026-03-10 11:39:53.459 [main] INFO  logMessage org.springframework.boot.autoconfigure.logging.ConditionEvaluationReportLogger - 

Error starting ApplicationContext. To display the condition evaluation report re-run your application with 'debug' enabled.
2026-03-10 11:39:53.493 [main] ERROR report org.springframework.boot.diagnostics.LoggingFailureAnalysisReporter - 

***************************
APPLICATION FAILED TO START
***************************

Description:

Web server failed to start. Port 8080 was already in use.

Action:

Identify and stop the process that's listening on port 8080 or configure this application to listen on another port.

2026-03-10 11:40:08.224 [main] INFO  initialize org.springframework.boot.web.embedded.tomcat.TomcatWebServer - Tomcat initialized with port 8080 (http)
2026-03-10 11:40:08.246 [main] INFO  log org.apache.juli.logging.DirectJDKLog - Initializing ProtocolHandler ["http-nio-8080"]
2026-03-10 11:40:08.251 [main] INFO  log org.apache.juli.logging.DirectJDKLog - Starting service [Tomcat]
2026-03-10 11:40:08.251 [main] INFO  log org.apache.juli.logging.DirectJDKLog - Starting Servlet engine: [Apache Tomcat/10.1.40]
2026-03-10 11:40:08.338 [main] INFO  log org.apache.juli.logging.DirectJDKLog - Initializing Spring embedded WebApplicationContext
2026-03-10 11:40:08.340 [main] INFO  prepareWebApplicationContext org.springframework.boot.web.servlet.context.ServletWebServerApplicationContext - Root WebApplicationContext: initialization completed in 1315 ms
2026-03-10 11:40:08.653 [main] INFO  afterPropertiesSet org.springframework.validation.beanvalidation.OptionalValidatorFactoryBean - Failed to set up a Bean Validation provider: jakarta.validation.NoProviderFoundException: Unable to create a Configuration, because no Jakarta Bean Validation provider could be found. Add a provider like Hibernate Validator (RI) to your classpath.
2026-03-10 11:40:09.061 [main] INFO  log org.apache.juli.logging.DirectJDKLog - Starting ProtocolHandler ["http-nio-8080"]
2026-03-10 11:40:09.071 [main] WARN  refresh org.springframework.context.support.AbstractApplicationContext - Exception encountered during context initialization - cancelling refresh attempt: org.springframework.context.ApplicationContextException: Failed to start bean 'webServerStartStop'
2026-03-10 11:40:09.093 [main] INFO  logMessage org.springframework.boot.autoconfigure.logging.ConditionEvaluationReportLogger - 

Error starting ApplicationContext. To display the condition evaluation report re-run your application with 'debug' enabled.
2026-03-10 11:40:09.117 [main] ERROR report org.springframework.boot.diagnostics.LoggingFailureAnalysisReporter - 

***************************
APPLICATION FAILED TO START
***************************

Description:

Web server failed to start. Port 8080 was already in use.

Action:

Identify and stop the process that's listening on port 8080 or configure this application to listen on another port.

